blend/build/app/intermediates/manifest_merge_blame_file/debug/manifest-merger-blame-debug-report.txt
1<?xml version="1.0" encoding="utf-8"?>
2<manifest xmlns:android="http://schemas.android.com/apk/res/android"
3    package="com.example.blend"
4    android:versionCode="1"
5    android:versionName="1.0.0" >
6
7    <uses-sdk
8        android:minSdkVersion="21"
9        android:targetSdkVersion="33" />
10    <!--
11         The INTERNET permission is required for development. Specifically,
12         the Flutter tool needs it to communicate with the running application
13         to allow setting breakpoints, to provide hot reload, etc.
14    -->
15    <uses-permission android:name="android.permission.INTERNET" />
15-->src\main\AndroidManifest.xml:8:5-66
15-->src\main\AndroidManifest.xml:8:22-64
16
17    <queries>
17-->src\main\AndroidManifest.xml:4:5-7:15
18        <provider android:authorities="com.facebook.katana.provider.PlatformProvider" /> <!-- allows app to access Facebook app features -->
18-->src\main\AndroidManifest.xml:5:9-89
18-->src\main\AndroidManifest.xml:5:19-86
19        <provider android:authorities="com.facebook.orca.provider.PlatformProvider" /> <!-- allows sharing to Messenger app -->
19-->src\main\AndroidManifest.xml:5:9-89
19-->src\main\AndroidManifest.xml:5:19-86
20        <package android:name="com.facebook.katana" />
20-->[com.facebook.android:facebook-common:16.3.0] AndroidManifest.xml:18:9-55
20-->[com.facebook.android:facebook-common:16.3.0] AndroidManifest.xml:18:18-52
21    </queries>
22
23    <uses-permission android:name="android.permission.ACCESS_NETWORK_STATE" />
23-->[:firebase_analytics] AndroidManifest.xml:9:5-79
23-->[:firebase_analytics] AndroidManifest.xml:9:22-76
24    <uses-permission android:name="android.permission.WAKE_LOCK" />
24-->[:firebase_analytics] AndroidManifest.xml:11:5-68
24-->[:firebase_analytics] AndroidManifest.xml:11:22-65
25    <uses-permission android:name="android.permission.READ_EXTERNAL_STORAGE" />
25-->[:insta_assets_crop] AndroidManifest.xml:9:5-80
25-->[:insta_assets_crop] AndroidManifest.xml:9:22-77
26    <uses-permission android:name="android.permission.WRITE_EXTERNAL_STORAGE" />
26-->[:insta_assets_crop] AndroidManifest.xml:10:5-81
26-->[:insta_assets_crop] AndroidManifest.xml:10:22-78
27    <uses-permission android:name="com.google.android.gms.permission.AD_ID" />
27-->[com.google.android.gms:play-services-measurement-api:21.5.0] AndroidManifest.xml:25:5-79
27-->[com.google.android.gms:play-services-measurement-api:21.5.0] AndroidManifest.xml:25:22-76
28    <uses-permission android:name="android.permission.ACCESS_ADSERVICES_ATTRIBUTION" />
28-->[com.google.android.gms:play-services-measurement-api:21.5.0] AndroidManifest.xml:26:5-88
28-->[com.google.android.gms:play-services-measurement-api:21.5.0] AndroidManifest.xml:26:22-85
29    <uses-permission android:name="android.permission.ACCESS_ADSERVICES_AD_ID" />
29-->[com.google.android.gms:play-services-measurement-api:21.5.0] AndroidManifest.xml:27:5-82
29-->[com.google.android.gms:play-services-measurement-api:21.5.0] AndroidManifest.xml:27:22-79
30    <uses-permission android:name="com.google.android.finsky.permission.BIND_GET_INSTALL_REFERRER_SERVICE" />
30-->[com.google.android.gms:play-services-measurement:21.5.0] AndroidManifest.xml:26:5-110
30-->[com.google.android.gms:play-services-measurement:21.5.0] AndroidManifest.xml:26:22-107
31    <uses-permission android:name="com.google.android.providers.gsf.permission.READ_GSERVICES" />
31-->[com.google.android.recaptcha:recaptcha:18.4.0] AndroidManifest.xml:9:5-98
31-->[com.google.android.recaptcha:recaptcha:18.4.0] AndroidManifest.xml:9:22-95
32
33    <permission
33-->[androidx.core:core:1.10.1] AndroidManifest.xml:22:5-24:47
34        android:name="com.example.blend.DYNAMIC_RECEIVER_NOT_EXPORTED_PERMISSION"
34-->[androidx.core:core:1.10.1] AndroidManifest.xml:23:9-81
35        android:protectionLevel="signature" />
35-->[androidx.core:core:1.10.1] AndroidManifest.xml:24:9-44
36
37    <uses-permission android:name="com.example.blend.DYNAMIC_RECEIVER_NOT_EXPORTED_PERMISSION" />
37-->[androidx.core:core:1.10.1] AndroidManifest.xml:26:5-97
37-->[androidx.core:core:1.10.1] AndroidManifest.xml:26:22-94
38
39    <application
40        android:name="io.flutter.app.FlutterMultiDexApplication"
41        android:appComponentFactory="androidx.core.app.CoreComponentFactory"
41-->[androidx.core:core:1.10.1] AndroidManifest.xml:28:18-86
42        android:debuggable="true"
43        android:icon="@mipmap/ic_launcher"
44        android:label="blend"
45        android:supportsRtl="true" >
45-->[com.facebook.android:facebook-android-sdk:16.3.0] AndroidManifest.xml:16:18-44
46        <meta-data
47            android:name="com.facebook.sdk.ApplicationId"
48            android:value="@string/facebook_app_id" />
49        <meta-data
50            android:name="com.facebook.sdk.ClientToken"
51            android:value="@string/facebook_client_token" />
52
53        <activity
54            android:name="com.example.blend.MainActivity"
55            android:configChanges="orientation|keyboardHidden|keyboard|screenSize|smallestScreenSize|locale|layoutDirection|fontScale|screenLayout|density|uiMode"
56            android:exported="true"
57            android:hardwareAccelerated="true"
58            android:launchMode="singleTop"
59            android:theme="@style/LaunchTheme"
60            android:windowSoftInputMode="adjustResize" >
61
62            <!--
63                 Specifies an Android theme to apply to this Activity as soon as
64                 the Android process has started. This theme is visible to the user
65                 while the Flutter UI initializes. After that, this theme continues
66                 to determine the Window background behind the Flutter UI.
67            -->
68            <meta-data
69                android:name="io.flutter.embedding.android.NormalTheme"
70                android:resource="@style/NormalTheme" />
71
72            <intent-filter>
73                <action android:name="android.intent.action.MAIN" />
74
75                <category android:name="android.intent.category.LAUNCHER" />
76            </intent-filter>
77        </activity>
78        <activity
79            android:name="com.facebook.FacebookActivity"
80            android:configChanges="keyboard|keyboardHidden|screenLayout|screenSize|orientation"
81            android:label="@string/app_name"
82            android:theme="@style/com_facebook_activity_theme" />
82-->[com.facebook.android:facebook-common:16.3.0] AndroidManifest.xml:25:13-63
83        <activity
84            android:name="com.facebook.CustomTabActivity"
85            android:exported="true" >
86            <intent-filter>
87                <action android:name="android.intent.action.VIEW" />
87-->[com.firebaseui:firebase-ui-auth:7.2.0] AndroidManifest.xml:93:17-69
87-->[com.firebaseui:firebase-ui-auth:7.2.0] AndroidManifest.xml:93:25-66
88
89                <category android:name="android.intent.category.DEFAULT" />
89-->[com.firebaseui:firebase-ui-auth:7.2.0] AndroidManifest.xml:95:17-76
89-->[com.firebaseui:firebase-ui-auth:7.2.0] AndroidManifest.xml:95:27-73
90                <category android:name="android.intent.category.BROWSABLE" />
90-->[com.firebaseui:firebase-ui-auth:7.2.0] AndroidManifest.xml:96:17-78
90-->[com.firebaseui:firebase-ui-auth:7.2.0] AndroidManifest.xml:96:27-75
91
92                <data android:scheme="@string/fb_login_protocol_scheme" />
92-->[com.firebaseui:firebase-ui-auth:7.2.0] AndroidManifest.xml:98:17-81
92-->[com.firebaseui:firebase-ui-auth:7.2.0] AndroidManifest.xml:98:23-78
93            </intent-filter>
94            <intent-filter>
94-->[com.firebaseui:firebase-ui-auth:7.2.0] AndroidManifest.xml:92:13-99:29
95                <action android:name="android.intent.action.VIEW" />
95-->[com.firebaseui:firebase-ui-auth:7.2.0] AndroidManifest.xml:93:17-69
95-->[com.firebaseui:firebase-ui-auth:7.2.0] AndroidManifest.xml:93:25-66
96
97                <category android:name="android.intent.category.DEFAULT" />
97-->[com.firebaseui:firebase-ui-auth:7.2.0] AndroidManifest.xml:95:17-76
97-->[com.firebaseui:firebase-ui-auth:7.2.0] AndroidManifest.xml:95:27-73
98                <category android:name="android.intent.category.BROWSABLE" />
98-->[com.firebaseui:firebase-ui-auth:7.2.0] AndroidManifest.xml:96:17-78
98-->[com.firebaseui:firebase-ui-auth:7.2.0] AndroidManifest.xml:96:27-75
99
100                <data android:scheme="@string/facebook_login_protocol_scheme" />
100-->[com.firebaseui:firebase-ui-auth:7.2.0] AndroidManifest.xml:98:17-81
100-->[com.firebaseui:firebase-ui-auth:7.2.0] AndroidManifest.xml:98:23-78
101            </intent-filter>
102            <intent-filter>
102-->[com.facebook.android:facebook-common:16.3.0] AndroidManifest.xml:31:13-40:29
103                <action android:name="android.intent.action.VIEW" />
103-->[com.firebaseui:firebase-ui-auth:7.2.0] AndroidManifest.xml:93:17-69
103-->[com.firebaseui:firebase-ui-auth:7.2.0] AndroidManifest.xml:93:25-66
104
105                <category android:name="android.intent.category.DEFAULT" />
105-->[com.firebaseui:firebase-ui-auth:7.2.0] AndroidManifest.xml:95:17-76
105-->[com.firebaseui:firebase-ui-auth:7.2.0] AndroidManifest.xml:95:27-73
106                <category android:name="android.intent.category.BROWSABLE" />
106-->[com.firebaseui:firebase-ui-auth:7.2.0] AndroidManifest.xml:96:17-78
106-->[com.firebaseui:firebase-ui-auth:7.2.0] AndroidManifest.xml:96:27-75
107
108                <data
108-->[com.firebaseui:firebase-ui-auth:7.2.0] AndroidManifest.xml:98:17-81
109                    android:host="cct.com.example.blend"
110                    android:scheme="fbconnect" />
110-->[com.firebaseui:firebase-ui-auth:7.2.0] AndroidManifest.xml:98:23-78
111            </intent-filter>
112        </activity>
113        <!--
114             Don't delete the meta-data below.
115             This is used by the Flutter tool to generate GeneratedPluginRegistrant.java
116        -->
117        <meta-data
118            android:name="flutterEmbedding"
119            android:value="2" />
120
121        <service
121-->[:firebase_app_check] AndroidManifest.xml:10:9-14:19
122            android:name="com.google.firebase.components.ComponentDiscoveryService"
122-->[:firebase_app_check] AndroidManifest.xml:10:18-89
123            android:directBootAware="true"
123-->[com.google.firebase:firebase-common:20.4.2] AndroidManifest.xml:32:13-43
124            android:exported="false" >
124-->[com.google.firebase:firebase-appcheck-debug:17.1.1] AndroidManifest.xml:24:13-37
125            <meta-data
125-->[:firebase_app_check] AndroidManifest.xml:11:13-13:85
126                android:name="com.google.firebase.components:io.flutter.plugins.firebase.appcheck.FlutterFirebaseAppRegistrar"
126-->[:firebase_app_check] AndroidManifest.xml:12:17-127
127                android:value="com.google.firebase.components.ComponentRegistrar" />
127-->[:firebase_app_check] AndroidManifest.xml:13:17-82
128            <meta-data
128-->[:cloud_firestore] AndroidManifest.xml:11:13-13:85
129                android:name="com.google.firebase.components:io.flutter.plugins.firebase.firestore.FlutterFirebaseFirestoreRegistrar"
129-->[:cloud_firestore] AndroidManifest.xml:12:17-134
130                android:value="com.google.firebase.components.ComponentRegistrar" />
130-->[:cloud_firestore] AndroidManifest.xml:13:17-82
131            <meta-data
131-->[:firebase_analytics] AndroidManifest.xml:15:13-17:85
132                android:name="com.google.firebase.components:io.flutter.plugins.firebase.analytics.FlutterFirebaseAppRegistrar"
132-->[:firebase_analytics] AndroidManifest.xml:16:17-128
133                android:value="com.google.firebase.components.ComponentRegistrar" />
133-->[:firebase_analytics] AndroidManifest.xml:17:17-82
134            <meta-data
134-->[:firebase_auth] AndroidManifest.xml:11:13-13:85
135                android:name="com.google.firebase.components:io.flutter.plugins.firebase.auth.FlutterFirebaseAuthRegistrar"
135-->[:firebase_auth] AndroidManifest.xml:12:17-124
136                android:value="com.google.firebase.components.ComponentRegistrar" />
136-->[:firebase_auth] AndroidManifest.xml:13:17-82
137            <meta-data
137-->[:firebase_core] AndroidManifest.xml:11:13-13:85
138                android:name="com.google.firebase.components:io.flutter.plugins.firebase.core.FlutterFirebaseCoreRegistrar"
138-->[:firebase_core] AndroidManifest.xml:12:17-124
139                android:value="com.google.firebase.components.ComponentRegistrar" />
139-->[:firebase_core] AndroidManifest.xml:13:17-82
140            <meta-data
140-->[com.google.firebase:firebase-appcheck-debug:17.1.1] AndroidManifest.xml:25:13-27:85
141                android:name="com.google.firebase.components:com.google.firebase.appcheck.debug.FirebaseAppCheckDebugRegistrar"
141-->[com.google.firebase:firebase-appcheck-debug:17.1.1] AndroidManifest.xml:26:17-128
142                android:value="com.google.firebase.components.ComponentRegistrar" />
142-->[com.google.firebase:firebase-appcheck-debug:17.1.1] AndroidManifest.xml:27:17-82
143            <meta-data
143-->[com.google.firebase:firebase-auth:22.3.1] AndroidManifest.xml:69:13-71:85
144                android:name="com.google.firebase.components:com.google.firebase.auth.FirebaseAuthRegistrar"
144-->[com.google.firebase:firebase-auth:22.3.1] AndroidManifest.xml:70:17-109
145                android:value="com.google.firebase.components.ComponentRegistrar" />
145-->[com.google.firebase:firebase-auth:22.3.1] AndroidManifest.xml:71:17-82
146            <meta-data
146-->[com.google.firebase:firebase-firestore:24.10.1] AndroidManifest.xml:17:13-19:85
147                android:name="com.google.firebase.components:com.google.firebase.firestore.FirebaseFirestoreKtxRegistrar"
147-->[com.google.firebase:firebase-firestore:24.10.1] AndroidManifest.xml:18:17-122
148                android:value="com.google.firebase.components.ComponentRegistrar" />
148-->[com.google.firebase:firebase-firestore:24.10.1] AndroidManifest.xml:19:17-82
149            <meta-data
149-->[com.google.firebase:firebase-firestore:24.10.1] AndroidManifest.xml:20:13-22:85
150                android:name="com.google.firebase.components:com.google.firebase.firestore.FirestoreRegistrar"
150-->[com.google.firebase:firebase-firestore:24.10.1] AndroidManifest.xml:21:17-111
151                android:value="com.google.firebase.components.ComponentRegistrar" />
151-->[com.google.firebase:firebase-firestore:24.10.1] AndroidManifest.xml:22:17-82
152            <meta-data
152-->[com.google.firebase:firebase-appcheck-playintegrity:17.1.1] AndroidManifest.xml:25:13-27:85
153                android:name="com.google.firebase.components:com.google.firebase.appcheck.playintegrity.FirebaseAppCheckPlayIntegrityRegistrar"
153-->[com.google.firebase:firebase-appcheck-playintegrity:17.1.1] AndroidManifest.xml:26:17-144
154                android:value="com.google.firebase.components.ComponentRegistrar" />
154-->[com.google.firebase:firebase-appcheck-playintegrity:17.1.1] AndroidManifest.xml:27:17-82
155            <meta-data
155-->[com.google.firebase:firebase-appcheck-safetynet:16.1.2] AndroidManifest.xml:27:13-29:85
156                android:name="com.google.firebase.components:com.google.firebase.appcheck.safetynet.FirebaseAppCheckSafetyNetRegistrar"
156-->[com.google.firebase:firebase-appcheck-safetynet:16.1.2] AndroidManifest.xml:28:17-136
157                android:value="com.google.firebase.components.ComponentRegistrar" />
157-->[com.google.firebase:firebase-appcheck-safetynet:16.1.2] AndroidManifest.xml:29:17-82
158            <meta-data
158-->[com.google.firebase:firebase-appcheck:17.1.1] AndroidManifest.xml:25:13-27:85
159                android:name="com.google.firebase.components:com.google.firebase.appcheck.FirebaseAppCheckKtxRegistrar"
159-->[com.google.firebase:firebase-appcheck:17.1.1] AndroidManifest.xml:26:17-120
160                android:value="com.google.firebase.components.ComponentRegistrar" />
160-->[com.google.firebase:firebase-appcheck:17.1.1] AndroidManifest.xml:27:17-82
161            <meta-data
161-->[com.google.firebase:firebase-appcheck:17.1.1] AndroidManifest.xml:28:13-30:85
162                android:name="com.google.firebase.components:com.google.firebase.appcheck.FirebaseAppCheckRegistrar"
162-->[com.google.firebase:firebase-appcheck:17.1.1] AndroidManifest.xml:29:17-117
163                android:value="com.google.firebase.components.ComponentRegistrar" />
163-->[com.google.firebase:firebase-appcheck:17.1.1] AndroidManifest.xml:30:17-82
164            <meta-data
164-->[com.google.android.gms:play-services-measurement-api:21.5.0] AndroidManifest.xml:37:13-39:85
165                android:name="com.google.firebase.components:com.google.firebase.analytics.connector.internal.AnalyticsConnectorRegistrar"
165-->[com.google.android.gms:play-services-measurement-api:21.5.0] AndroidManifest.xml:38:17-139
166                android:value="com.google.firebase.components.ComponentRegistrar" />
166-->[com.google.android.gms:play-services-measurement-api:21.5.0] AndroidManifest.xml:39:17-82
167            <meta-data
167-->[com.google.firebase:firebase-installations:17.2.0] AndroidManifest.xml:15:13-17:85
168                android:name="com.google.firebase.components:com.google.firebase.installations.FirebaseInstallationsKtxRegistrar"
168-->[com.google.firebase:firebase-installations:17.2.0] AndroidManifest.xml:16:17-130
169                android:value="com.google.firebase.components.ComponentRegistrar" />
169-->[com.google.firebase:firebase-installations:17.2.0] AndroidManifest.xml:17:17-82
170            <meta-data
170-->[com.google.firebase:firebase-installations:17.2.0] AndroidManifest.xml:18:13-20:85
171                android:name="com.google.firebase.components:com.google.firebase.installations.FirebaseInstallationsRegistrar"
171-->[com.google.firebase:firebase-installations:17.2.0] AndroidManifest.xml:19:17-127
172                android:value="com.google.firebase.components.ComponentRegistrar" />
172-->[com.google.firebase:firebase-installations:17.2.0] AndroidManifest.xml:20:17-82
173            <meta-data
173-->[com.google.firebase:firebase-common-ktx:20.4.2] AndroidManifest.xml:12:13-14:85
174                android:name="com.google.firebase.components:com.google.firebase.ktx.FirebaseCommonLegacyRegistrar"
174-->[com.google.firebase:firebase-common-ktx:20.4.2] AndroidManifest.xml:13:17-116
175                android:value="com.google.firebase.components.ComponentRegistrar" />
175-->[com.google.firebase:firebase-common-ktx:20.4.2] AndroidManifest.xml:14:17-82
176            <meta-data
176-->[com.google.firebase:firebase-common:20.4.2] AndroidManifest.xml:35:13-37:85
177                android:name="com.google.firebase.components:com.google.firebase.FirebaseCommonKtxRegistrar"
177-->[com.google.firebase:firebase-common:20.4.2] AndroidManifest.xml:36:17-109
178                android:value="com.google.firebase.components.ComponentRegistrar" />
178-->[com.google.firebase:firebase-common:20.4.2] AndroidManifest.xml:37:17-82
179        </service>
180
181        <provider
181-->[:image_picker_android] AndroidManifest.xml:10:9-18:20
182            android:name="io.flutter.plugins.imagepicker.ImagePickerFileProvider"
182-->[:image_picker_android] AndroidManifest.xml:11:13-82
183            android:authorities="com.example.blend.flutter.image_provider"
183-->[:image_picker_android] AndroidManifest.xml:12:13-74
184            android:exported="false"
184-->[:image_picker_android] AndroidManifest.xml:13:13-37
185            android:grantUriPermissions="true" >
185-->[:image_picker_android] AndroidManifest.xml:14:13-47
186            <meta-data
186-->[:image_picker_android] AndroidManifest.xml:15:13-17:75
187                android:name="android.support.FILE_PROVIDER_PATHS"
187-->[:image_picker_android] AndroidManifest.xml:16:17-67
188                android:resource="@xml/flutter_image_picker_file_paths" />
188-->[:image_picker_android] AndroidManifest.xml:17:17-72
189        </provider>
190
191        <meta-data
191-->[com.firebaseui:firebase-ui-auth:7.2.0] AndroidManifest.xml:16:9-18:69
192            android:name="com.google.android.gms.version"
192-->[com.firebaseui:firebase-ui-auth:7.2.0] AndroidManifest.xml:17:13-58
193            android:value="@integer/google_play_services_version" />
193-->[com.firebaseui:firebase-ui-auth:7.2.0] AndroidManifest.xml:18:13-66
194
195        <activity
195-->[com.firebaseui:firebase-ui-auth:7.2.0] AndroidManifest.xml:23:9-27:61
196            android:name="com.firebase.ui.auth.KickoffActivity"
196-->[com.firebaseui:firebase-ui-auth:7.2.0] AndroidManifest.xml:24:13-64
197            android:exported="false"
197-->[com.firebaseui:firebase-ui-auth:7.2.0] AndroidManifest.xml:25:13-37
198            android:label=""
198-->[com.firebaseui:firebase-ui-auth:7.2.0] AndroidManifest.xml:26:13-29
199            android:theme="@style/FirebaseUI.Transparent" />
199-->[com.firebaseui:firebase-ui-auth:7.2.0] AndroidManifest.xml:27:13-58
200        <activity
200-->[com.firebaseui:firebase-ui-auth:7.2.0] AndroidManifest.xml:28:9-32:61
201            android:name="com.firebase.ui.auth.ui.idp.SingleSignInActivity"
201-->[com.firebaseui:firebase-ui-auth:7.2.0] AndroidManifest.xml:29:13-76
202            android:exported="false"
202-->[com.firebaseui:firebase-ui-auth:7.2.0] AndroidManifest.xml:30:13-37
203            android:label=""
203-->[com.firebaseui:firebase-ui-auth:7.2.0] AndroidManifest.xml:31:13-29
204            android:theme="@style/FirebaseUI.Transparent" />
204-->[com.firebaseui:firebase-ui-auth:7.2.0] AndroidManifest.xml:32:13-58
205        <activity
205-->[com.firebaseui:firebase-ui-auth:7.2.0] AndroidManifest.xml:33:9-37:61
206            android:name="com.firebase.ui.auth.ui.credentials.CredentialSaveActivity"
206-->[com.firebaseui:firebase-ui-auth:7.2.0] AndroidManifest.xml:34:13-86
207            android:exported="false"
207-->[com.firebaseui:firebase-ui-auth:7.2.0] AndroidManifest.xml:35:13-37
208            android:label=""
208-->[com.firebaseui:firebase-ui-auth:7.2.0] AndroidManifest.xml:36:13-29
209            android:theme="@style/FirebaseUI.Transparent" />
209-->[com.firebaseui:firebase-ui-auth:7.2.0] AndroidManifest.xml:37:13-58
210        <activity
210-->[com.firebaseui:firebase-ui-auth:7.2.0] AndroidManifest.xml:38:9-42:58
211            android:name="com.firebase.ui.auth.ui.email.RecoverPasswordActivity"
211-->[com.firebaseui:firebase-ui-auth:7.2.0] AndroidManifest.xml:39:13-81
212            android:exported="false"
212-->[com.firebaseui:firebase-ui-auth:7.2.0] AndroidManifest.xml:40:13-37
213            android:label="@string/fui_title_recover_password_activity"
213-->[com.firebaseui:firebase-ui-auth:7.2.0] AndroidManifest.xml:41:13-72
214            android:windowSoftInputMode="adjustResize" />
214-->[com.firebaseui:firebase-ui-auth:7.2.0] AndroidManifest.xml:42:13-55
215        <activity
215-->[com.firebaseui:firebase-ui-auth:7.2.0] AndroidManifest.xml:43:9-47:58
216            android:name="com.firebase.ui.auth.ui.email.EmailActivity"
216-->[com.firebaseui:firebase-ui-auth:7.2.0] AndroidManifest.xml:44:13-71
217            android:exported="false"
217-->[com.firebaseui:firebase-ui-auth:7.2.0] AndroidManifest.xml:45:13-37
218            android:label="@string/fui_sign_in_default"
218-->[com.firebaseui:firebase-ui-auth:7.2.0] AndroidManifest.xml:46:13-56
219            android:windowSoftInputMode="adjustResize" />
219-->[com.firebaseui:firebase-ui-auth:7.2.0] AndroidManifest.xml:47:13-55
220        <activity
220-->[com.firebaseui:firebase-ui-auth:7.2.0] AndroidManifest.xml:48:9-52:77
221            android:name="com.firebase.ui.auth.ui.phone.PhoneActivity"
221-->[com.firebaseui:firebase-ui-auth:7.2.0] AndroidManifest.xml:49:13-71
222            android:exported="false"
222-->[com.firebaseui:firebase-ui-auth:7.2.0] AndroidManifest.xml:50:13-37
223            android:label="@string/fui_sign_in_with_phone_number"
223-->[com.firebaseui:firebase-ui-auth:7.2.0] AndroidManifest.xml:51:13-66
224            android:windowSoftInputMode="adjustResize|stateAlwaysVisible" />
224-->[com.firebaseui:firebase-ui-auth:7.2.0] AndroidManifest.xml:52:13-74
225        <activity
225-->[com.firebaseui:firebase-ui-auth:7.2.0] AndroidManifest.xml:53:9-57:58
226            android:name="com.firebase.ui.auth.ui.idp.WelcomeBackIdpPrompt"
226-->[com.firebaseui:firebase-ui-auth:7.2.0] AndroidManifest.xml:54:13-76
227            android:exported="false"
227-->[com.firebaseui:firebase-ui-auth:7.2.0] AndroidManifest.xml:55:13-37
228            android:label="@string/fui_title_welcome_back_idp_prompt"
228-->[com.firebaseui:firebase-ui-auth:7.2.0] AndroidManifest.xml:56:13-70
229            android:windowSoftInputMode="adjustResize" />
229-->[com.firebaseui:firebase-ui-auth:7.2.0] AndroidManifest.xml:57:13-55
230        <activity
230-->[com.firebaseui:firebase-ui-auth:7.2.0] AndroidManifest.xml:58:9-62:58
231            android:name="com.firebase.ui.auth.ui.email.WelcomeBackPasswordPrompt"
231-->[com.firebaseui:firebase-ui-auth:7.2.0] AndroidManifest.xml:59:13-83
232            android:exported="false"
232-->[com.firebaseui:firebase-ui-auth:7.2.0] AndroidManifest.xml:60:13-37
233            android:label="@string/fui_title_welcome_back_password_prompt"
233-->[com.firebaseui:firebase-ui-auth:7.2.0] AndroidManifest.xml:61:13-75
234            android:windowSoftInputMode="adjustResize" />
234-->[com.firebaseui:firebase-ui-auth:7.2.0] AndroidManifest.xml:62:13-55
235        <activity
235-->[com.firebaseui:firebase-ui-auth:7.2.0] AndroidManifest.xml:63:9-67:58
236            android:name="com.firebase.ui.auth.ui.email.WelcomeBackEmailLinkPrompt"
236-->[com.firebaseui:firebase-ui-auth:7.2.0] AndroidManifest.xml:64:13-84
237            android:exported="false"
237-->[com.firebaseui:firebase-ui-auth:7.2.0] AndroidManifest.xml:65:13-37
238            android:label="@string/fui_title_welcome_back_password_prompt"
238-->[com.firebaseui:firebase-ui-auth:7.2.0] AndroidManifest.xml:66:13-75
239            android:windowSoftInputMode="adjustResize" />
239-->[com.firebaseui:firebase-ui-auth:7.2.0] AndroidManifest.xml:67:13-55
240        <activity
240-->[com.firebaseui:firebase-ui-auth:7.2.0] AndroidManifest.xml:68:9-73:58
241            android:name="com.firebase.ui.auth.ui.email.EmailLinkCatcherActivity"
241-->[com.firebaseui:firebase-ui-auth:7.2.0] AndroidManifest.xml:69:13-82
242            android:exported="false"
242-->[com.firebaseui:firebase-ui-auth:7.2.0] AndroidManifest.xml:70:13-37
243            android:label=""
243-->[com.firebaseui:firebase-ui-auth:7.2.0] AndroidManifest.xml:71:13-29
244            android:theme="@style/FirebaseUI.Transparent"
244-->[com.firebaseui:firebase-ui-auth:7.2.0] AndroidManifest.xml:72:13-58
245            android:windowSoftInputMode="adjustResize" />
245-->[com.firebaseui:firebase-ui-auth:7.2.0] AndroidManifest.xml:73:13-55
246        <activity
246-->[com.firebaseui:firebase-ui-auth:7.2.0] AndroidManifest.xml:74:9-78:58
247            android:name="com.firebase.ui.auth.ui.email.EmailLinkErrorRecoveryActivity"
247-->[com.firebaseui:firebase-ui-auth:7.2.0] AndroidManifest.xml:75:13-88
248            android:exported="false"
248-->[com.firebaseui:firebase-ui-auth:7.2.0] AndroidManifest.xml:76:13-37
249            android:label="@string/fui_sign_in_default"
249-->[com.firebaseui:firebase-ui-auth:7.2.0] AndroidManifest.xml:77:13-56
250            android:windowSoftInputMode="adjustResize" />
250-->[com.firebaseui:firebase-ui-auth:7.2.0] AndroidManifest.xml:78:13-55
251        <activity
251-->[com.firebaseui:firebase-ui-auth:7.2.0] AndroidManifest.xml:79:9-82:65
252            android:name="com.firebase.ui.auth.ui.idp.AuthMethodPickerActivity"
252-->[com.firebaseui:firebase-ui-auth:7.2.0] AndroidManifest.xml:80:13-80
253            android:exported="false"
253-->[com.firebaseui:firebase-ui-auth:7.2.0] AndroidManifest.xml:81:13-37
254            android:label="@string/fui_default_toolbar_title" />
254-->[com.firebaseui:firebase-ui-auth:7.2.0] AndroidManifest.xml:82:13-62
255
256        <provider
256-->[com.firebaseui:firebase-ui-auth:7.2.0] AndroidManifest.xml:102:9-106:38
257            android:name="com.firebase.ui.auth.data.client.AuthUiInitProvider"
257-->[com.firebaseui:firebase-ui-auth:7.2.0] AndroidManifest.xml:103:13-79
258            android:authorities="com.example.blend.authuiinitprovider"
258-->[com.firebaseui:firebase-ui-auth:7.2.0] AndroidManifest.xml:104:13-70
259            android:exported="false"
259-->[com.firebaseui:firebase-ui-auth:7.2.0] AndroidManifest.xml:105:13-37
260            android:initOrder="90" />
260-->[com.firebaseui:firebase-ui-auth:7.2.0] AndroidManifest.xml:106:13-35
261
262        <activity
262-->[com.google.firebase:firebase-auth:22.3.1] AndroidManifest.xml:29:9-46:20
263            android:name="com.google.firebase.auth.internal.GenericIdpActivity"
263-->[com.google.firebase:firebase-auth:22.3.1] AndroidManifest.xml:30:13-80
264            android:excludeFromRecents="true"
264-->[com.google.firebase:firebase-auth:22.3.1] AndroidManifest.xml:31:13-46
265            android:exported="true"
265-->[com.google.firebase:firebase-auth:22.3.1] AndroidManifest.xml:32:13-36
266            android:launchMode="singleTask"
266-->[com.google.firebase:firebase-auth:22.3.1] AndroidManifest.xml:33:13-44
267            android:theme="@android:style/Theme.Translucent.NoTitleBar" >
267-->[com.google.firebase:firebase-auth:22.3.1] AndroidManifest.xml:34:13-72
268            <intent-filter>
268-->[com.google.firebase:firebase-auth:22.3.1] AndroidManifest.xml:35:13-45:29
269                <action android:name="android.intent.action.VIEW" />
269-->[com.firebaseui:firebase-ui-auth:7.2.0] AndroidManifest.xml:93:17-69
269-->[com.firebaseui:firebase-ui-auth:7.2.0] AndroidManifest.xml:93:25-66
270